JUnit version 4.11-SNAPSHOT-20120416-1530
........E................
Time: 0.095
There was 1 failure:
1) Conjured_quality_should_decrease_by_4_when_no_more_than_0_using_functional_programming(GildedRoseTest)
java.lang.AssertionError: expected:<1> but was:<0>
	at GildedRoseTest.Conjured_quality_should_decrease_by_4_when_no_more_than_0_using_functional_programming(GildedRoseTest.java:452)

FAILURES!!!
Tests run: 24,  Failures: 1

